*** Using Compiler 'V5.06 update 7 (build 960)', folder: 'D:\shangguigu\STM32_MDK\ARM\ARMCC\Bin'
Rebuild target '01_BMS_project'
assembling startup_stm32f103xb.s...
compiling usart.c...
compiling stm32f1xx_hal_timebase_tim.c...
compiling gpio.c...
compiling stm32f1xx_it.c...
compiling stm32f1xx_hal_msp.c...
compiling main.c...
compiling i2c.c...
compiling stm32f1xx_hal.c...
compiling stm32f1xx_hal_gpio_ex.c...
compiling stm32f1xx_hal_rcc_ex.c...
compiling stm32f1xx_hal_rcc.c...
compiling stm32f1xx_hal_tim_ex.c...
compiling stm32f1xx_hal_tim.c...
compiling stm32f1xx_hal_i2c.c...
compiling stm32f1xx_hal_gpio.c...
compiling stm32f1xx_hal_dma.c...
compiling stm32f1xx_hal_cortex.c...
compiling stm32f1xx_hal_pwr.c...
compiling stm32f1xx_hal_flash.c...
compiling stm32f1xx_hal_exti.c...
compiling stm32f1xx_hal_flash_ex.c...
compiling list.c...
compiling stm32f1xx_hal_uart.c...
compiling queue.c...
compiling system_stm32f1xx.c...
compiling timers.c...
compiling Int_OLED.c...
compiling tasks.c...
compiling event_groups.c...
compiling stream_buffer.c...
compiling App_Display.c...
compiling croutine.c...
compiling Com_Debug.c...
compiling heap_4.c...
compiling App_Main.c...
compiling port.c...
linking...
Program Size: Code=10352 RO-data=7396 RW-data=120 ZI-data=13744  
FromELF: creating hex file...
"01_BMS_project\01_BMS_project.axf" - 0 Error(s), 0 Warning(s).
Build Time Elapsed:  00:00:15
